<?xml version="1.0" encoding="UTF-8"?>
<!-- Generated by org.testng.reporters.JUnitReportReporter -->
<testsuite hostname="DESKTOP-ER76S99" failures="0" tests="7" name="testNg.TestNgClass" time="0.149" errors="0" timestamp="2023-01-31T15:19:08 IST" skipped="1">
  <testcase classname="testNg.TestNgClass" name="test4" time="0.037"/>
  <system-out/>
  <testcase classname="testNg.TestNgClass" name="test3" time="0.009"/>
  <system-out/>
  <testcase classname="testNg.TestNgClass" name="test3" time="0.019"/>
  <system-out/>
  <testcase classname="testNg.TestNgClass" name="test3" time="0.055"/>
  <system-out/>
  <testcase classname="testNg.TestNgClass" name="test2" time="0.026"/>
  <system-out/>
  <testcase classname="testNg.TestNgClass" name="test1" time="0.003"/>
  <system-out/>
  <testcase classname="testNg.TestNgClass" name="test5">
    <skipped/>
  </testcase> <!-- test5 -->
  <system-out/>
</testsuite> <!-- testNg.TestNgClass -->
